2025-10-27 14:39:22, MOVE, v:1, k:poo@notebook, mode:PICK
2025-10-27 14:39:32, EXEC, v:1, k:poo@notebook, mode:LOCK, rate:100, size:0
2025-10-27 14:39:55, MOVE, v:1, k:poo@notebook, mode:BACK
2025-10-27 14:56:32, MOVE, v:1, k:poo@motouber, mode:DOWN
2025-10-27 14:56:43, MOVE, v:1, k:poo@motouber, mode:PICK
2025-10-27 14:56:55, EXEC, v:1, k:poo@motouber, mode:FULL, rate:0, size:0
2025-10-27 16:06:03, MOVE, v:1, k:poo@motouber, mode:BACK
2025-10-27 16:06:16, MOVE, v:1, k:poo@motouber, mode:PICK
2025-10-27 16:06:21, EXEC, v:1, k:poo@motouber, mode:FULL, rate:0, size:31
2025-10-27 17:34:08, MOVE, v:1, k:poo@motouber, mode:BACK
2025-10-27 17:34:21, MOVE, v:1, k:poo@motouber, mode:PICK
2025-10-27 17:34:23, EXEC, v:1, k:poo@motouber, mode:FULL, rate:0
2025-10-27 18:35:25, EXEC, v:1, k:poo@motouber, mode:FULL, rate:0, size:106
2025-10-27 18:35:26, EXEC, v:1, k:poo@motouber, mode:FULL, rate:0
2025-10-27 18:36:14, EXEC, v:1, k:poo@motouber, mode:FULL, rate:0, size:109
2025-10-27 18:36:32, EXEC, v:1, k:poo@motouber, mode:FULL, rate:0
2025-10-27 18:40:53, EXEC, v:1, k:poo@motouber, mode:FULL, rate:0, size:109
2025-10-27 18:41:04, EXEC, v:1, k:poo@motouber, mode:FULL, rate:0, size:109
2025-10-27 18:41:36, EXEC, v:1, k:poo@motouber, mode:FULL, rate:0, size:109
2025-10-27 18:42:05, EXEC, v:1, k:poo@motouber, mode:FULL, rate:0, size:109
2025-10-27 18:42:16, EXEC, v:1, k:poo@motouber, mode:FULL, rate:0, size:109
2025-10-27 18:42:32, EXEC, v:1, k:poo@motouber, mode:FULL, rate:87, size:109
2025-10-27 18:44:36, EXEC, v:1, k:poo@motouber, mode:FULL, rate:87, size:109
2025-10-27 18:44:52, EXEC, v:1, k:poo@motouber, mode:FULL, rate:100, size:109
2025-10-27 18:47:47, MOVE, v:1, k:poo@motouber, mode:BACK
2025-10-27 18:49:16, SELF, v:1, k:poo@motouber, rate:100, human:_amigo, alone:8, study:240
2025-10-27 18:52:13, MOVE, v:1, k:poo@motouber, mode:PICK
2025-10-27 18:52:15, EXEC, v:1, k:poo@motouber, mode:FULL, rate:100
2025-10-27 18:53:32, EXEC, v:1, k:poo@motouber, mode:FULL, rate:100, size:108
2025-10-27 18:53:35, MOVE, v:1, k:poo@motouber, mode:BACK
2025-10-27 18:54:47, MOVE, v:1, k:poo@motouber, mode:PICK
2025-10-27 19:23:06, EXEC, v:1, k:poo@motouber, mode:FULL, rate:100, size:110
2025-10-27 19:23:07, EXEC, v:1, k:poo@motouber, mode:FULL, rate:100
2025-10-27 19:23:07, EXEC, v:1, k:poo@motouber, mode:FULL, rate:100
2025-10-27 19:23:26, EXEC, v:1, k:poo@motouber, mode:FULL, rate:100
2025-10-27 19:23:26, EXEC, v:1, k:poo@motouber, mode:FULL, rate:100
2025-10-27 19:23:36, EXEC, v:1, k:poo@motouber, mode:FULL, rate:100
2025-10-27 19:24:03, MOVE, v:1, k:poo@motouber, mode:BACK
2025-10-27 20:43:35, MOVE, v:1, k:poo@notebook, mode:PICK
2025-10-27 20:43:43, EXEC, v:1, k:poo@notebook, mode:LOCK, rate:100
2025-10-27 20:43:44, EXEC, v:1, k:poo@notebook, mode:LOCK, rate:100
2025-10-27 20:44:21, EXEC, v:1, k:poo@notebook, mode:LOCK, rate:100
2025-10-27 20:44:35, MOVE, v:1, k:poo@notebook, mode:BACK
2025-10-27 20:44:41, MOVE, v:1, k:poo@motouber, mode:PICK
2025-10-27 20:44:44, EXEC, v:1, k:poo@motouber, mode:FULL, rate:100, size:108
2025-10-27 20:44:47, MOVE, v:1, k:poo@motouber, mode:BACK
