2025-10-12 16:51:59, MOVE, v:1, k:poo@chinela, mode:PICK
2025-10-12 16:52:00, EXEC, v:1, k:poo@chinela, mode:LOCK, rate:100, size:3
2025-10-12 17:07:01, EXEC, v:1, k:poo@chinela, mode:LOCK, rate:0, size:15
2025-10-12 17:07:01, EXEC, v:1, k:poo@chinela, mode:LOCK, rate:0
2025-10-12 17:07:01, EXEC, v:1, k:poo@chinela, mode:LOCK, rate:0
2025-10-12 17:07:01, EXEC, v:1, k:poo@chinela, mode:FREE
2025-10-12 17:25:49, EXEC, v:1, k:poo@chinela, mode:FREE, size:24
2025-10-12 17:35:13, EXEC, v:1, k:poo@chinela, mode:FREE, size:23
2025-10-12 17:36:50, MOVE, v:1, k:poo@chinela, mode:BACK
2025-10-12 17:39:20, SELF, v:1, k:poo@chinela, rate:100, human:_amigo, alone:7, study:60
2025-10-12 17:39:30, MOVE, v:1, k:poo@camisa, mode:DOWN
2025-10-12 17:39:38, MOVE, v:1, k:poo@camisa, mode:PICK
2025-10-12 17:39:39, EXEC, v:1, k:poo@camisa, mode:LOCK, rate:100, size:0
2025-10-12 17:56:13, EXEC, v:1, k:poo@camisa, mode:LOCK, rate:0, size:19
2025-10-12 17:56:13, EXEC, v:1, k:poo@camisa, mode:LOCK, rate:0, size:19
2025-10-12 18:06:37, EXEC, v:1, k:poo@camisa, mode:LOCK, rate:0, size:31
2025-10-12 18:07:04, EXEC, v:1, k:poo@camisa, mode:LOCK, rate:0, size:31
2025-10-12 18:07:06, EXEC, v:1, k:poo@camisa, mode:FREE
2025-10-12 18:21:34, MOVE, v:1, k:poo@camisa, mode:PICK
2025-10-12 18:21:36, EXEC, v:1, k:poo@camisa, mode:LOCK, rate:0, size:34
2025-10-12 18:21:38, EXEC, v:1, k:poo@camisa, mode:FREE
2025-10-12 18:22:05, EXEC, v:1, k:poo@camisa, mode:LOCK, rate:0
2025-10-12 18:22:06, EXEC, v:1, k:poo@camisa, mode:FREE
2025-10-12 18:44:33, MOVE, v:1, k:poo@camisa, mode:PICK
2025-10-12 18:44:35, EXEC, v:1, k:poo@camisa, mode:LOCK, rate:0, size:24
2025-10-12 18:44:54, EXEC, v:1, k:poo@camisa, mode:FREE
2025-10-12 18:47:30, MOVE, v:1, k:poo@camisa, mode:BACK
2025-10-12 18:48:37, SELF, v:1, k:poo@camisa, rate:100, iagen:_copilot, alone:8, study:85
2025-10-12 18:51:43, MOVE, v:1, k:poo@roupa, mode:DOWN
2025-10-12 18:51:45, MOVE, v:1, k:poo@roupa, mode:PICK
2025-10-12 18:51:46, EXEC, v:1, k:poo@roupa, mode:FULL, rate:0, size:0
2025-10-12 22:15:44, MOVE, v:1, k:poo@roupa, mode:BACK
2025-10-12 22:17:54, MOVE, v:1, k:poo@roupa, mode:PICK
2025-10-12 22:17:56, EXEC, v:1, k:poo@roupa, mode:FULL, rate:0, size:17
2025-10-12 22:25:51, EXEC, v:1, k:poo@roupa, mode:FULL, rate:0, size:29
2025-10-12 22:26:38, EXEC, v:1, k:poo@roupa, mode:FULL, rate:0, size:29
2025-10-12 22:27:03, EXEC, v:1, k:poo@roupa, mode:FULL, rate:0, size:29
2025-10-12 22:31:59, EXEC, v:1, k:poo@roupa, mode:FULL, rate:0, size:32
2025-10-12 23:17:50, MOVE, v:1, k:poo@roupa, mode:PICK
2025-10-12 23:17:52, EXEC, v:1, k:poo@roupa, mode:FULL, rate:0, size:32
2025-10-12 23:19:45, EXEC, v:1, k:poo@roupa, mode:FULL, rate:0, size:35
2025-10-12 23:23:02, EXEC, v:1, k:poo@roupa, mode:FULL, rate:100, size:39
2025-10-12 23:23:47, EXEC, v:1, k:poo@roupa, mode:FULL, rate:100
2025-10-12 23:23:55, MOVE, v:1, k:poo@roupa, mode:BACK
2025-10-12 23:25:01, SELF, v:1, k:poo@roupa, rate:100, human:_amigo, iagen:_copilot, alone:7, study:90
2025-10-12 23:32:14, MOVE, v:1, k:poo@relogio, mode:DOWN
2025-10-12 23:32:16, MOVE, v:1, k:poo@relogio, mode:PICK
2025-10-12 23:32:17, EXEC, v:1, k:poo@relogio, mode:FULL, rate:0, size:0
